[debug] [2022-01-14T19:31:24.768Z] ----------------------------------------------------------------------
[debug] [2022-01-14T19:31:24.770Z] Command:       /usr/local/bin/node /usr/local/bin/firebase emulators:start --only functions
[debug] [2022-01-14T19:31:24.770Z] CLI Version:   9.16.0
[debug] [2022-01-14T19:31:24.770Z] Platform:      darwin
[debug] [2022-01-14T19:31:24.770Z] Node Version:  v14.17.4
[debug] [2022-01-14T19:31:24.771Z] Time:          Fri Jan 14 2022 12:31:24 GMT-0700 (Mountain Standard Time)
[debug] [2022-01-14T19:31:24.771Z] ----------------------------------------------------------------------
[debug] 
[debug] [2022-01-14T19:31:24.817Z] > command requires scopes: ["email","openid","https://www.googleapis.com/auth/cloudplatformprojects.readonly","https://www.googleapis.com/auth/firebase","https://www.googleapis.com/auth/cloud-platform"]
[debug] [2022-01-14T19:31:24.817Z] > authorizing via signed-in user (skylerwillden@gmail.com)
[info] i  emulators: Starting emulators: functions {"metadata":{"emulator":{"name":"hub"},"message":"Starting emulators: functions"}}
[debug] [2022-01-14T19:31:24.834Z] [hub] writing locator at /var/folders/69/73gp7pgj22j10hd3hkn2m0mh0000gn/T/hub-americascafe-1938c.json
[warn] ⚠  functions: The following emulators are not running, calls to these services from the Functions emulator will affect production: auth, firestore, database, hosting, pubsub, storage {"metadata":{"emulator":{"name":"functions"},"message":"The following emulators are not running, calls to these services from the Functions emulator will affect production: \u001b[1mauth, firestore, database, hosting, pubsub, storage\u001b[22m"}}
[info] ✔  functions: Using node@14 from host. {"metadata":{"emulator":{"name":"functions"},"message":"Using node@14 from host."}}
[debug] [2022-01-14T19:31:24.885Z] defaultcredentials: writing to file /Users/skylerwillden/.config/firebase/skylerwillden_gmail_com_application_default_credentials.json
[debug] [2022-01-14T19:31:24.888Z] Setting GAC to /Users/skylerwillden/.config/firebase/skylerwillden_gmail_com_application_default_credentials.json {"metadata":{"emulator":{"name":"functions"},"message":"Setting GAC to /Users/skylerwillden/.config/firebase/skylerwillden_gmail_com_application_default_credentials.json"}}
[debug] [2022-01-14T19:31:24.890Z] > refreshing access token with scopes: []
[debug] [2022-01-14T19:31:24.890Z] >>> HTTP REQUEST POST https://www.googleapis.com/oauth2/v3/token  
 <request body omitted>
[debug] [2022-01-14T19:31:25.061Z] <<< HTTP RESPONSE 200 {"expires":"Mon, 01 Jan 1990 00:00:00 GMT","pragma":"no-cache","cache-control":"no-cache, no-store, max-age=0, must-revalidate","date":"Fri, 14 Jan 2022 19:31:25 GMT","content-type":"application/json; charset=utf-8","vary":"X-Origin, Referer, Origin,Accept-Encoding","server":"scaffolding on HTTPServer2","x-xss-protection":"0","x-frame-options":"SAMEORIGIN","x-content-type-options":"nosniff","alt-svc":"h3=\":443\"; ma=2592000,h3-29=\":443\"; ma=2592000,h3-Q050=\":443\"; ma=2592000,h3-Q046=\":443\"; ma=2592000,h3-Q043=\":443\"; ma=2592000,quic=\":443\"; ma=2592000; v=\"46,43\"","accept-ranges":"none","transfer-encoding":"chunked"}
[debug] [2022-01-14T19:31:25.111Z] >>> [apiv2][query] GET https://firebase.googleapis.com/v1beta1/projects/americascafe-1938c/adminSdkConfig [none]
[debug] [2022-01-14T19:31:25.315Z] <<< [apiv2][status] GET https://firebase.googleapis.com/v1beta1/projects/americascafe-1938c/adminSdkConfig 200
[debug] [2022-01-14T19:31:25.315Z] <<< [apiv2][body] GET https://firebase.googleapis.com/v1beta1/projects/americascafe-1938c/adminSdkConfig {"projectId":"americascafe-1938c","storageBucket":"americascafe-1938c.appspot.com","locationId":"us-central"}
[debug] [2022-01-14T19:31:25.858Z] Ignoring unsupported arg: auto_download {"metadata":{"emulator":{"name":"ui"},"message":"Ignoring unsupported arg: auto_download"}}
[debug] [2022-01-14T19:31:25.859Z] Ignoring unsupported arg: port {"metadata":{"emulator":{"name":"ui"},"message":"Ignoring unsupported arg: port"}}
[debug] [2022-01-14T19:31:25.859Z] Starting Emulator UI with command {"binary":"node","args":["/Users/skylerwillden/.cache/firebase/emulators/ui-v1.6.0/server.bundle.js"],"optionalArgs":[],"joinArgs":false} {"metadata":{"emulator":{"name":"ui"},"message":"Starting Emulator UI with command {\"binary\":\"node\",\"args\":[\"/Users/skylerwillden/.cache/firebase/emulators/ui-v1.6.0/server.bundle.js\"],\"optionalArgs\":[],\"joinArgs\":false}"}}
[info] i  ui: Emulator UI logging to ui-debug.log {"metadata":{"emulator":{"name":"ui"},"message":"Emulator UI logging to \u001b[1mui-debug.log\u001b[22m"}}
[debug] [2022-01-14T19:31:25.953Z] Web / API server started at localhost:4000
 {"metadata":{"emulator":{"name":"ui"},"message":"Web / API server started at localhost:4000\n"}}
[info] i  functions: Watching "/Users/skylerwillden/Desktop/AmericasMartCafe/functions" for Cloud Functions... {"metadata":{"emulator":{"name":"functions"},"message":"Watching \"/Users/skylerwillden/Desktop/AmericasMartCafe/functions\" for Cloud Functions..."}}
[debug] [2022-01-14T19:31:26.138Z] [worker-pool] addWorker(~diagnostic~) {"metadata":{"emulator":{"name":"functions"},"message":"[worker-pool] addWorker(~diagnostic~)"}}
[debug] [2022-01-14T19:31:26.139Z] [worker-pool] Adding worker with key ~diagnostic~, total=1 {"metadata":{"emulator":{"name":"functions"},"message":"[worker-pool] Adding worker with key ~diagnostic~, total=1"}}
[debug] [2022-01-14T19:31:26.139Z] [worker-pool] submitWork(triggerId=) {"metadata":{"emulator":{"name":"functions"},"message":"[worker-pool] submitWork(triggerId=)"}}
[debug] [2022-01-14T19:31:26.139Z] [worker-~diagnostic~-09c890cf-b4cb-43ad-b84d-df082d564e8b]: Assigning socketPath: /var/folders/69/73gp7pgj22j10hd3hkn2m0mh0000gn/T/fire_emu_7013.sock {"metadata":{"emulator":{"name":"functions"},"message":"[worker-~diagnostic~-09c890cf-b4cb-43ad-b84d-df082d564e8b]: Assigning socketPath: /var/folders/69/73gp7pgj22j10hd3hkn2m0mh0000gn/T/fire_emu_7013.sock"}}
[debug] [2022-01-14T19:31:26.140Z] [worker-~diagnostic~-09c890cf-b4cb-43ad-b84d-df082d564e8b]: BUSY {"metadata":{"emulator":{"name":"functions"},"message":"[worker-~diagnostic~-09c890cf-b4cb-43ad-b84d-df082d564e8b]: BUSY"}}
[debug] [2022-01-14T19:31:26.253Z] [runtime-status] [7013] Functions runtime initialized. {"cwd":"/Users/skylerwillden/Desktop/AmericasMartCafe/functions","node_version":"14.17.4"} {"metadata":{"emulator":{"name":"functions"},"message":"[runtime-status] [7013] Functions runtime initialized. {\"cwd\":\"/Users/skylerwillden/Desktop/AmericasMartCafe/functions\",\"node_version\":\"14.17.4\"}"}}
[debug] [2022-01-14T19:31:26.254Z] [runtime-status] [7013] Disabled runtime features: undefined {"metadata":{"emulator":{"name":"functions"},"message":"[runtime-status] [7013] Disabled runtime features: undefined"}}
[debug] [2022-01-14T19:31:26.255Z] [runtime-status] [7013] Resolved module firebase-admin {"declared":true,"installed":true,"version":"9.12.0","resolution":"/Users/skylerwillden/Desktop/AmericasMartCafe/functions/node_modules/firebase-admin/lib/index.js"} {"metadata":{"emulator":{"name":"functions"},"message":"[runtime-status] [7013] Resolved module firebase-admin {\"declared\":true,\"installed\":true,\"version\":\"9.12.0\",\"resolution\":\"/Users/skylerwillden/Desktop/AmericasMartCafe/functions/node_modules/firebase-admin/lib/index.js\"}"}}
[debug] [2022-01-14T19:31:26.258Z] [runtime-status] [7013] Resolved module firebase-functions {"declared":true,"installed":true,"version":"3.15.7","resolution":"/Users/skylerwillden/Desktop/AmericasMartCafe/functions/node_modules/firebase-functions/lib/index.js"} {"metadata":{"emulator":{"name":"functions"},"message":"[runtime-status] [7013] Resolved module firebase-functions {\"declared\":true,\"installed\":true,\"version\":\"3.15.7\",\"resolution\":\"/Users/skylerwillden/Desktop/AmericasMartCafe/functions/node_modules/firebase-functions/lib/index.js\"}"}}
[debug] [2022-01-14T19:31:26.260Z] [runtime-status] [7013] Resolved module firebase-functions {"declared":true,"installed":true,"version":"3.15.7","resolution":"/Users/skylerwillden/Desktop/AmericasMartCafe/functions/node_modules/firebase-functions/lib/index.js"} {"metadata":{"emulator":{"name":"functions"},"message":"[runtime-status] [7013] Resolved module firebase-functions {\"declared\":true,\"installed\":true,\"version\":\"3.15.7\",\"resolution\":\"/Users/skylerwillden/Desktop/AmericasMartCafe/functions/node_modules/firebase-functions/lib/index.js\"}"}}
[debug] [2022-01-14T19:31:26.261Z] [runtime-status] [7013] Outgoing network have been stubbed. [{"name":"http","status":"mocked"},{"name":"http","status":"mocked"},{"name":"https","status":"mocked"},{"name":"https","status":"mocked"},{"name":"net","status":"mocked"}] {"metadata":{"emulator":{"name":"functions"},"message":"[runtime-status] [7013] Outgoing network have been stubbed. [{\"name\":\"http\",\"status\":\"mocked\"},{\"name\":\"http\",\"status\":\"mocked\"},{\"name\":\"https\",\"status\":\"mocked\"},{\"name\":\"https\",\"status\":\"mocked\"},{\"name\":\"net\",\"status\":\"mocked\"}]"}}
[debug] [2022-01-14T19:31:26.262Z] [runtime-status] [7013] Resolved module firebase-functions {"declared":true,"installed":true,"version":"3.15.7","resolution":"/Users/skylerwillden/Desktop/AmericasMartCafe/functions/node_modules/firebase-functions/lib/index.js"} {"metadata":{"emulator":{"name":"functions"},"message":"[runtime-status] [7013] Resolved module firebase-functions {\"declared\":true,\"installed\":true,\"version\":\"3.15.7\",\"resolution\":\"/Users/skylerwillden/Desktop/AmericasMartCafe/functions/node_modules/firebase-functions/lib/index.js\"}"}}
[debug] [2022-01-14T19:31:26.313Z] [runtime-status] [7013] Checked functions.config() {"config":{}} {"metadata":{"emulator":{"name":"functions"},"message":"[runtime-status] [7013] Checked functions.config() {\"config\":{}}"}}
[debug] [2022-01-14T19:31:26.313Z] [runtime-status] [7013] firebase-functions has been stubbed. {"functionsResolution":{"declared":true,"installed":true,"version":"3.15.7","resolution":"/Users/skylerwillden/Desktop/AmericasMartCafe/functions/node_modules/firebase-functions/lib/index.js"}} {"metadata":{"emulator":{"name":"functions"},"message":"[runtime-status] [7013] firebase-functions has been stubbed. {\"functionsResolution\":{\"declared\":true,\"installed\":true,\"version\":\"3.15.7\",\"resolution\":\"/Users/skylerwillden/Desktop/AmericasMartCafe/functions/node_modules/firebase-functions/lib/index.js\"}}"}}
[debug] [2022-01-14T19:31:26.314Z] [runtime-status] [7013] Resolved module firebase-functions {"declared":true,"installed":true,"version":"3.15.7","resolution":"/Users/skylerwillden/Desktop/AmericasMartCafe/functions/node_modules/firebase-functions/lib/index.js"} {"metadata":{"emulator":{"name":"functions"},"message":"[runtime-status] [7013] Resolved module firebase-functions {\"declared\":true,\"installed\":true,\"version\":\"3.15.7\",\"resolution\":\"/Users/skylerwillden/Desktop/AmericasMartCafe/functions/node_modules/firebase-functions/lib/index.js\"}"}}
[debug] [2022-01-14T19:31:26.315Z] [runtime-status] [7013] Resolved module firebase-admin {"declared":true,"installed":true,"version":"9.12.0","resolution":"/Users/skylerwillden/Desktop/AmericasMartCafe/functions/node_modules/firebase-admin/lib/index.js"} {"metadata":{"emulator":{"name":"functions"},"message":"[runtime-status] [7013] Resolved module firebase-admin {\"declared\":true,\"installed\":true,\"version\":\"9.12.0\",\"resolution\":\"/Users/skylerwillden/Desktop/AmericasMartCafe/functions/node_modules/firebase-admin/lib/index.js\"}"}}
[debug] [2022-01-14T19:31:26.315Z] [runtime-status] [7013] Resolved module firebase-functions {"declared":true,"installed":true,"version":"3.15.7","resolution":"/Users/skylerwillden/Desktop/AmericasMartCafe/functions/node_modules/firebase-functions/lib/index.js"} {"metadata":{"emulator":{"name":"functions"},"message":"[runtime-status] [7013] Resolved module firebase-functions {\"declared\":true,\"installed\":true,\"version\":\"3.15.7\",\"resolution\":\"/Users/skylerwillden/Desktop/AmericasMartCafe/functions/node_modules/firebase-functions/lib/index.js\"}"}}
[debug] [2022-01-14T19:31:26.315Z] [runtime-status] [7013] firebase-admin has been stubbed. {"adminResolution":{"declared":true,"installed":true,"version":"9.12.0","resolution":"/Users/skylerwillden/Desktop/AmericasMartCafe/functions/node_modules/firebase-admin/lib/index.js"}} {"metadata":{"emulator":{"name":"functions"},"message":"[runtime-status] [7013] firebase-admin has been stubbed. {\"adminResolution\":{\"declared\":true,\"installed\":true,\"version\":\"9.12.0\",\"resolution\":\"/Users/skylerwillden/Desktop/AmericasMartCafe/functions/node_modules/firebase-admin/lib/index.js\"}}"}}
[debug] [2022-01-14T19:31:26.317Z] [runtime-status] [7013] initializeApp(DEFAULT) {"storageBucket":"americascafe-1938c.appspot.com","projectId":"americascafe-1938c"} {"metadata":{"emulator":{"name":"functions"},"message":"[runtime-status] [7013] initializeApp(DEFAULT) {\"storageBucket\":\"americascafe-1938c.appspot.com\",\"projectId\":\"americascafe-1938c\"}"}}
[warn] ⚠  functions: The Firebase Authentication emulator is not running, so calls to Firebase Authentication will affect production. {"metadata":{"emulator":{"name":"functions"},"message":"The Firebase Authentication emulator is not running, so calls to Firebase Authentication will affect production."}}
[warn] ⚠  functions: The Cloud Firestore emulator is not running, so calls to Firestore will affect production. {"metadata":{"emulator":{"name":"functions"},"message":"The Cloud Firestore emulator is not running, so calls to Firestore will affect production."}}
[info] ✔  functions[us-central1-GuestPayment]: http function initialized (http://localhost:5001/americascafe-1938c/us-central1/GuestPayment). {"metadata":{"emulator":{"name":"functions"},"message":"\u001b[1mhttp\u001b[22m function initialized (http://localhost:5001/americascafe-1938c/us-central1/GuestPayment)."}}
[info] ✔  functions[us-central1-FirstTimeCustomerPayment]: http function initialized (http://localhost:5001/americascafe-1938c/us-central1/FirstTimeCustomerPayment). {"metadata":{"emulator":{"name":"functions"},"message":"\u001b[1mhttp\u001b[22m function initialized (http://localhost:5001/americascafe-1938c/us-central1/FirstTimeCustomerPayment)."}}
[info] ✔  functions[us-central1-ReturnCustomerPayment]: http function initialized (http://localhost:5001/americascafe-1938c/us-central1/ReturnCustomerPayment). {"metadata":{"emulator":{"name":"functions"},"message":"\u001b[1mhttp\u001b[22m function initialized (http://localhost:5001/americascafe-1938c/us-central1/ReturnCustomerPayment)."}}
[info] ✔  functions[us-central1-PaymentReceived]: http function initialized (http://localhost:5001/americascafe-1938c/us-central1/PaymentReceived). {"metadata":{"emulator":{"name":"functions"},"message":"\u001b[1mhttp\u001b[22m function initialized (http://localhost:5001/americascafe-1938c/us-central1/PaymentReceived)."}}
[info] ✔  functions[us-central1-CreateFoodOrder]: http function initialized (http://localhost:5001/americascafe-1938c/us-central1/CreateFoodOrder). {"metadata":{"emulator":{"name":"functions"},"message":"\u001b[1mhttp\u001b[22m function initialized (http://localhost:5001/americascafe-1938c/us-central1/CreateFoodOrder)."}}
[info] ✔  functions[us-central1-CreateFreeFoodOrder]: http function initialized (http://localhost:5001/americascafe-1938c/us-central1/CreateFreeFoodOrder). {"metadata":{"emulator":{"name":"functions"},"message":"\u001b[1mhttp\u001b[22m function initialized (http://localhost:5001/americascafe-1938c/us-central1/CreateFreeFoodOrder)."}}
[info] ✔  functions[us-central1-RefundOrder]: http function initialized (http://localhost:5001/americascafe-1938c/us-central1/RefundOrder). {"metadata":{"emulator":{"name":"functions"},"message":"\u001b[1mhttp\u001b[22m function initialized (http://localhost:5001/americascafe-1938c/us-central1/RefundOrder)."}}
[info] ✔  functions[us-central1-MakeAdmin]: http function initialized (http://localhost:5001/americascafe-1938c/us-central1/MakeAdmin). {"metadata":{"emulator":{"name":"functions"},"message":"\u001b[1mhttp\u001b[22m function initialized (http://localhost:5001/americascafe-1938c/us-central1/MakeAdmin)."}}
[info] ✔  functions[us-central1-MakeEmployee]: http function initialized (http://localhost:5001/americascafe-1938c/us-central1/MakeEmployee). {"metadata":{"emulator":{"name":"functions"},"message":"\u001b[1mhttp\u001b[22m function initialized (http://localhost:5001/americascafe-1938c/us-central1/MakeEmployee)."}}
[info] ✔  functions[us-central1-MakeMe]: http function initialized (http://localhost:5001/americascafe-1938c/us-central1/MakeMe). {"metadata":{"emulator":{"name":"functions"},"message":"\u001b[1mhttp\u001b[22m function initialized (http://localhost:5001/americascafe-1938c/us-central1/MakeMe)."}}
[info] ✔  functions[us-central1-QueryUsers]: http function initialized (http://localhost:5001/americascafe-1938c/us-central1/QueryUsers). {"metadata":{"emulator":{"name":"functions"},"message":"\u001b[1mhttp\u001b[22m function initialized (http://localhost:5001/americascafe-1938c/us-central1/QueryUsers)."}}
[info] ✔  functions[us-central1-RevokePermissions]: http function initialized (http://localhost:5001/americascafe-1938c/us-central1/RevokePermissions). {"metadata":{"emulator":{"name":"functions"},"message":"\u001b[1mhttp\u001b[22m function initialized (http://localhost:5001/americascafe-1938c/us-central1/RevokePermissions)."}}
[info] i  functions[us-central1-NewUserReward]: function ignored because the firestore emulator does not exist or is not running. {"metadata":{"emulator":{"name":"functions"},"message":"function ignored because the firestore emulator does not exist or is not running."}}
[info] i  functions[us-central1-DisseminateReward]: function ignored because the firestore emulator does not exist or is not running. {"metadata":{"emulator":{"name":"functions"},"message":"function ignored because the firestore emulator does not exist or is not running."}}
[info] ✔  functions[us-central1-CreateReward]: http function initialized (http://localhost:5001/americascafe-1938c/us-central1/CreateReward). {"metadata":{"emulator":{"name":"functions"},"message":"\u001b[1mhttp\u001b[22m function initialized (http://localhost:5001/americascafe-1938c/us-central1/CreateReward)."}}
[info] 
┌─────────────────────────────────────────────────────────────┐
│ ✔  All emulators ready! It is now safe to connect your app. │
│ i  View Emulator UI at http://localhost:4000                │
└─────────────────────────────────────────────────────────────┘

┌───────────┬────────────────┬─────────────────────────────────┐
│ Emulator  │ Host:Port      │ View in Emulator UI             │
├───────────┼────────────────┼─────────────────────────────────┤
│ Functions │ localhost:5001 │ http://localhost:4000/functions │
└───────────┴────────────────┴─────────────────────────────────┘
  Emulator Hub running at localhost:4400
  Other reserved ports: 4500

Issues? Report them at https://github.com/firebase/firebase-tools/issues and attach the *-debug.log files.
 
[debug] [2022-01-14T19:31:26.546Z] [worker-~diagnostic~-09c890cf-b4cb-43ad-b84d-df082d564e8b]: IDLE {"metadata":{"emulator":{"name":"functions"},"message":"[worker-~diagnostic~-09c890cf-b4cb-43ad-b84d-df082d564e8b]: IDLE"}}
